make all --print-data-base --no-builtin-variables --no-builtin-rules --question
make: *** No rule to make target 'all'.  Stop.
 
# GNU Make 4.1
# Built for x86_64-pc-linux-gnu
# Copyright (C) 1988-2014 Free Software Foundation, Inc.
# License GPLv3+: GNU GPL version 3 or later <http://gnu.org/licenses/gpl.html>
# This is free software: you are free to change and redistribute it.
# There is NO WARRANTY, to the extent permitted by law.

# Make data base, printed on Fri May 28 15:33:06 2021

# Variables

# environment
PYSPARK_DRIVER_PYTHON_OPTS = notebook
# automatic
?F = $(notdir $?)
# automatic
<D = $(patsubst %/,%,$(dir $<))
# makefile (from 'Makefile', line 8)
nvccFlags = -I../inc
# environment
DESKTOP_SESSION = ubuntu
# environment
PYSPARK_DRIVER_PYTHON = jupyter
# default
.SHELLFLAGS := -c
# environment
SNAP_COMMON = /var/snap/code/common
# environment
XDG_SESSION_TYPE = x11
# environment
VSCODE_LOG_NATIVE = false
# environment
UPSTART_INSTANCE = 
# automatic
?D = $(patsubst %/,%,$(dir $?))
# automatic
@D = $(patsubst %/,%,$(dir $@))
# environment
XAUTHORITY = /home/linuxu/.Xauthority
# environment
GDMSESSION = ubuntu
# environment
XMODIFIERS = @im=ibus
# makefile
CURDIR := /home/linuxu/Desktop/HW3
# makefile
SHELL = /bin/sh
# environment
SNAP_DATA = /var/snap/code/65
# environment
UPSTART_JOB = unity7
# environment
VSCODE_NLS_CONFIG = {"locale":"en-us","availableLanguages":{},"_languagePackSupport":true}
# environment
_ = /snap/code/65/usr/share/code/code
# makefile (from 'Makefile', line 4)
objects = main.o
# environment
XDG_CONFIG_DIRS = /etc/xdg/xdg-ubuntu:/usr/share/upstart/xdg:/etc/xdg
# environment
SNAP_INSTANCE_NAME = code
# environment
SNAP_ARCH = amd64
# makefile (from 'Makefile', line 1)
MAKEFILE_LIST :=  Makefile
# automatic
@F = $(notdir $@)
# environment
GIO_LAUNCHED_DESKTOP_FILE = /var/lib/snapd/desktop/applications/code_code.desktop
# 'override' directive
GNUMAKEFLAGS := 
# environment
SESSIONTYPE = gnome-session
# environment
MAKELEVEL := 0
# environment
MANDATORY_PATH = /usr/share/gconf/ubuntu.mandatory.path
# environment
XDG_DATA_DIRS = /usr/share/ubuntu:/usr/share/gnome:/usr/local/share:/usr/share:/var/lib/snapd/desktop:/var/lib/snapd/desktop
# environment
DBUS_SESSION_BUS_ADDRESS = unix:abstract=/tmp/dbus-ez0Pk7rkgj
# environment
VSCODE_VERBOSE_LOGGING = true
# environment
UNITY_DEFAULT_PROFILE = unity
# environment
CLUTTER_IM_MODULE = xim
# environment
LESSOPEN = | /usr/bin/lesspipe %s
# environment
LC_NAME = he_IL.UTF-8
# environment
VSCODE_CWD = /home/linuxu
# environment
XDG_SESSION_PATH = /org/freedesktop/DisplayManager/Session0
# environment
GSETTINGS_SCHEMA_DIR = /snap/code/65/usr/share/glib-2.0/schemas
# default
MAKE_HOST := x86_64-pc-linux-gnu
# environment
PATH = /home/linuxu/bin:/home/linuxu/.local/bin:/usr/local/cuda-9.1/bin:/home/linuxu/anaconda3/bin:/home/linuxu/bin:/home/linuxu/.local/bin:/usr/local/sbin:/usr/local/bin:/usr/sbin:/usr/bin:/sbin:/bin:/usr/games:/usr/local/games:/snap/bin:/usr/local/spark/spark/bin:/usr/local/kafka/kafka/bin$
# makefile (from 'Makefile', line 7)
gccFlags = -g
# environment
UNITY_HAS_3D_SUPPORT = true
# environment
GPG_AGENT_INFO = /home/linuxu/.gnupg/S.gpg-agent:0:1
# environment
SESSION_MANAGER = local/ParallelCq2-2:@/tmp/.ICE-unix/23543,unix/ParallelCq2-2:/tmp/.ICE-unix/23543
# environment
XDG_RUNTIME_DIR = /run/user/1002
# environment
GDK_PIXBUF_MODULE_FILE = /home/linuxu/snap/code/common/.cache/gdk-pixbuf-loaders.cache
# environment
SNAP = /snap/code/65
# environment
SNAP_VERSION = 054a9295
# environment
XDG_MENU_PREFIX = gnome-
# environment
VSCODE_LOG_STACK = false
# environment
DISABLE_WAYLAND = 1
# environment
VSCODE_CRASH_REPORTER_START_OPTIONS = {"companyName":"Microsoft","productName":"VSCode","submitURL":"appcenter://code?aid=fba07a4d-84bd-4fc8-a125-9640fc8ce171&uid=958d03bb-74e4-45fe-9569-19928f0c3501&iid=958d03bb-74e4-45fe-9569-19928f0c3501&sid=958d03bb-74e4-45fe-9569-19928f0c3501","uploadToServer":true}
# environment
GDK_PIXBUF_MODULEDIR = /snap/code/65/usr/lib/x86_64-linux-gnu/gdk-pixbuf-2.0/2.10.0/loaders
# makefile (from 'Makefile', line 9)
buildIncludes = /usr/local/cuda-9.1/lib64/libcudart_static.a
# default
.FEATURES := target-specific order-only second-expansion else-if shortest-stem undefine oneshell archives jobserver output-sync check-symlink load
# environment
SESSION = ubuntu
# environment
XDG_GREETER_DATA_DIR = /var/lib/lightdm-data/linuxu
# environment
LS_COLORS = 
# environment
JOB = unity-settings-daemon
# environment
XDG_SESSION_DESKTOP = ubuntu
# environment
SSH_AUTH_SOCK = /run/user/1002/keyring/ssh
# environment
GIO_LAUNCHED_DESKTOP_FILE_PID = 20486
# automatic
%F = $(notdir $%)
# environment
DISPLAY = :0
# environment
GTK_IM_MODULE = ibus
# environment
VSCODE_PIPE_LOGGING = true
# environment
SNAP_INSTANCE_KEY = 
# environment
PWD = /home/linuxu/Desktop/HW3
# environment
QT_QPA_PLATFORMTHEME = appmenu-qt5
# environment
XDG_SEAT = seat0
# environment
GDM_LANG = en_US
# environment
ORIGINAL_XDG_CURRENT_DESKTOP = Unity
# environment
GTK_MODULES = gail:atk-bridge:unity-gtk-module
# environment
VSCODE_AMD_ENTRYPOINT = vs/workbench/services/extensions/node/extensionHostProcess
# environment
HOME = /home/linuxu
# environment
LD_LIBRARY_PATH = /usr/local/cuda-9.1/lib64
# environment
LESSCLOSE = /usr/bin/lesspipe %s %s
# environment
VSCODE_CLI = 1
# environment
LOGNAME = linuxu
# environment
QT_LINUX_ACCESSIBILITY_ALWAYS_ON = 1
# environment
APPLICATION_INSIGHTS_NO_DIAGNOSTIC_CHANNEL = true
# environment
SNAP_LIBRARY_PATH = /var/lib/snapd/lib/gl:/var/lib/snapd/lib/gl32:/var/lib/snapd/void
# environment
SNAP_CONTEXT = vw55TuxSPCqzwJ15hG59AruHyuXVkhbp8zQBJFcUXrKp0ZxzqNVb
# automatic
+F = $(notdir $+)
# environment
ELECTRON_NO_ATTACH_CONSOLE = 1
# environment
SNAP_USER_COMMON = /home/linuxu/snap/code/common
# environment
VSCODE_HANDLES_UNCAUGHT_ERRORS = true
# default
MAKE_VERSION := 4.1
# environment
GNOME_DESKTOP_SESSION_ID = this-is-deprecated
# automatic
^D = $(patsubst %/,%,$(dir $^))
# environment
XDG_VTNR = 7
# environment
LC_TIME = he_IL.UTF-8
# environment
SNAP_REAL_HOME = /home/linuxu
# default
MAKE = $(MAKE_COMMAND)
# default
MAKECMDGOALS := all
# environment
QT_IM_MODULE = ibus
# environment
SNAP_USER_DATA = /home/linuxu/snap/code/65
# environment
SHLVL = 1
# environment
KAFKA_HOME = /usr/local/kafka/spark
# environment
IM_CONFIG_PHASE = 1
# environment
VSCODE_IPC_HOOK_EXTHOST = /run/user/1002/vscode-ipc-4e84ba80-cfb9-46aa-94ad-d7bbde24f257.sock
# environment
COMPIZ_CONFIG_PROFILE = ubuntu
# environment
XDG_SESSION_ID = c3
# environment
USER = linuxu
# environment
SNAP_REVISION = 65
# environment
LC_MONETARY = he_IL.UTF-8
# makefile
.DEFAULT_GOAL := build
# environment
XDG_CURRENT_DESKTOP = Unity
# environment
UPSTART_EVENTS = xsession started
# automatic
%D = $(patsubst %/,%,$(dir $%))
# environment
GNOME_KEYRING_PID = 
# environment
LC_TELEPHONE = he_IL.UTF-8
# default
MAKE_COMMAND := make
# environment
VSCODE_NODE_CACHED_DATA_DIR = /home/linuxu/.config/Code/CachedData/054a9295330880ed74ceaedda236253b4f39a335
# default
.VARIABLES := 
# automatic
*F = $(notdir $*)
# environment
LANGUAGE = en_US
# environment
XDG_SEAT_PATH = /org/freedesktop/DisplayManager/Seat0
# environment
VSCODE_IPC_HOOK = /run/user/1002/vscode-2148651c-1.56.2-main.sock
# environment
BAMF_DESKTOP_FILE_HINT = /var/lib/snapd/desktop/applications/code_code.desktop
# environment
GNOME_KEYRING_CONTROL = 
# environment
SPARK_HOME = /usr/local/spark/spark
# makefile
MAKEFLAGS = pqrR
# environment
MFLAGS = -pqrR
# automatic
*D = $(patsubst %/,%,$(dir $*))
# environment
BREAKPAD_DUMP_LOCATION = /home/linuxu/.config/Code/exthost Crash Reports
# automatic
+D = $(patsubst %/,%,$(dir $+))
# environment
GDK_BACKEND = x11
# environment
LC_PAPER = he_IL.UTF-8
# environment
GTK2_MODULES = overlay-scrollbar
# makefile (from 'Makefile', line 5)
target = mpiCudaOpemMP
# environment
QT_ACCESSIBILITY = 1
# environment
COMPIZ_BIN_PATH = /usr/bin/
# environment
DEFAULTS_PATH = /usr/share/gconf/ubuntu.default.path
# default
MAKEFILES := 
# environment
UPSTART_SESSION = unix:abstract=/com/ubuntu/upstart-session/1002/23165
 
# environment
SNAP_COOKIE = vw55TuxSPCqzwJ15hG59AruHyuXVkhbp8zQBJFcUXrKp0ZxzqNVb
# environment
LC_NUMERIC = he_IL.UTF-8
# automatic
<F = $(notdir $<)
# environment
ELECTRON_RUN_AS_NODE = 1
# environment
LC_MEASUREMENT = he_IL.UTF-8
# environment
INSTANCE = 
# environment
SNAP_NAME = code
# environment
LC_ALL = C
# environment
QT4_IM_MODULE = xim
# automatic
^F = $(notdir $^)
# default
SUFFIXES := 
# environment
SNAP_REEXEC = 
# environment
CHROME_DESKTOP = code-url-handler.desktop
# default
.INCLUDE_DIRS = /usr/include /usr/local/include /usr/include
# environment
LC_IDENTIFICATION = he_IL.UTF-8
# default
.RECIPEPREFIX := 
# environment
LC_ADDRESS = he_IL.UTF-8
# environment
LANG = C
# environment
VSCODE_PID = 20533
# variable set hash-table stats:
# Load=160/1024=16%, Rehash=0, Collisions=25/186=13%

# Pattern-specific Variable Values

# No pattern-specific variable values.

# Directories

# . (device 2049, inode 698193): 11 files, no impossibilities.

# 11 files, no impossibilities in 1 directories.

# Implicit Rules

# No implicit rules.

# Files

runOn2:
#  Implicit rule search has not been done.
#  Modification time never checked.
#  File has not been updated.
#  recipe to execute (from 'Makefile', line 31):
	mpiexec -np 2 -machinefile mf -map-by node $(target)

# Not a target:
all:
#  Command line target.
#  Implicit rule search has been done.
#  File does not exist.
#  File has not been updated.

# Not a target:
Makefile:
#  Implicit rule search has been done.
#  Last modified 2021-05-28 15:31:13.138769423
#  File has been updated.
#  Successfully updated.

build: main.o
#  Implicit rule search has not been done.
#  Modification time never checked.
#  File has not been updated.
#  recipe to execute (from 'Makefile', line 12):
	mpicxx -fopenmp $(gccFlags) -o $(target) $(objects) $(buildIncludes) -ldl -lrt

# Not a target:
.DEFAULT:
#  Implicit rule search has not been done.
#  Modification time never checked.
#  File has not been updated.

run:
#  Implicit rule search has not been done.
#  Modification time never checked.
#  File has not been updated.
#  recipe to execute (from 'Makefile', line 28):
	mpiexec -np 2 $(target)

clean:
#  Implicit rule search has not been done.
#  Modification time never checked.
#  File has not been updated.
#  recipe to execute (from 'Makefile', line 25):
	rm -f *.o $(target)

main.o:
#  Implicit rule search has not been done.
#  Modification time never checked.
#  File has not been updated.
#  recipe to execute (from 'Makefile', line 15):
	mpicxx -fopenmp $(gccFlags) -c main.c -o main.o

# files hash-table stats:
# Load=9/1024=1%, Rehash=0, Collisions=0/21=0%
# VPATH Search Paths

# No 'vpath' search paths.

# No general ('VPATH' variable) search path.

# strcache buffers: 1 (0) / strings = 20 / storage = 151 B / avg = 7 B
# current buf: size = 8162 B / used = 151 B / count = 20 / avg = 7 B

# strcache performance: lookups = 31 / hit rate = 35%
# hash-table stats:
# Load=20/8192=0%, Rehash=0, Collisions=1/31=3%
# Finished Make data base on Fri May 28 15:33:06 2021

 
